6.7222 	EXP 	Created window1 = Window(allowGUI=False, allowStencil=False, args=UNKNOWN, autoLog=True, bitsMode=UNKNOWN, blendMode='avg', color=array([0., 0., 0.]), colorSpace='rgb', fullscr=<method-wrapper '__getattribute__' of attributeSetter object at 0x12fc02dd8>, gamma=None, gammaErrorPolicy='raise', kwargs=UNKNOWN, lms=UNKNOWN, monitor=<psychopy.monitors.calibTools.Monitor object at 0x1310aa550>, multiSample=False, name='window1', numSamples=2, pos=[0.0, 0.0], screen=0, size=array([1440,  900]), stereo=False, units='height', useFBO=True, useRetina=False, viewOri=0.0, viewPos=None, viewScale=None, waitBlanking=True, winType='pyglet')
6.7223 	EXP 	window1: recordFrameIntervals = False
6.8878 	EXP 	window1: recordFrameIntervals = True
7.0723 	EXP 	window1: recordFrameIntervals = False
7.8802 	EXP 	Created image = ImageStim(__class__=<class 'psychopy.visual.image.ImageStim'>, autoLog=True, color=array([1., 1., 1.]), colorSpace='rgb', contrast=1.0, depth=0.0, flipHoriz=False, flipVert=False, image='sin', interpolate=True, mask=None, maskParams=None, name='image', opacity=1.0, ori=0.0, pos=array([0., 0.]), size=array([0.5, 0.5]), texRes=128, units='height', win=Window(...))
8.0454 	EXP 	Created textQuestionEmo = TextStim(__class__=<class 'psychopy.visual.text.TextStim'>, alignHoriz='center', alignVert='center', antialias=True, autoLog=True, bold=False, color='white', colorSpace='named', contrast=1.0, depth=-1.0, flipHoriz=False, flipVert=False, font='Arial', fontFiles=[], height=0.1, italic=False, languageStyle='LTR', name='textQuestionEmo', opacity=1.0, ori=0, pos=array([0., 0.]), rgb=array([255., 255., 255.]), text='画像に感じた感情を選んでください。\n\nhoge hoge hgoe', units='height', win=Window(...), wrapWidth=1)
8.0693 	EXP 	Created textGazePoint = TextStim(__class__=<class 'psychopy.visual.text.TextStim'>, alignHoriz='center', alignVert='center', antialias=True, autoLog=True, bold=False, color='white', colorSpace='named', contrast=1.0, depth=-3.0, flipHoriz=False, flipVert=False, font='Arial', fontFiles=[], height=0.1, italic=False, languageStyle='LTR', name='textGazePoint', opacity=1.0, ori=0, pos=array([0., 0.]), rgb=array([255., 255., 255.]), text='+', units='height', win=Window(...), wrapWidth=1)
8.0958 	EXP 	Created textQuestionRecog = TextStim(__class__=<class 'psychopy.visual.text.TextStim'>, alignHoriz='center', alignVert='center', antialias=True, autoLog=True, bold=False, color='white', colorSpace='named', contrast=1.0, depth=-4.0, flipHoriz=False, flipVert=False, font='Arial', fontFiles=[], height=0.1, italic=False, languageStyle='LTR', name='textQuestionRecog', opacity=1.0, ori=0, pos=array([0., 0.]), rgb=array([255., 255., 255.]), text=str(...), units='height', win=Window(...), wrapWidth=1)
8.1201 	EXP 	Imported conditions.csv as conditions, 8 conditions, 1 params
8.1205 	EXP 	Created sequence: random, trialTypes=8, nReps=5, seed=None
8.1208 	EXP 	New trial (rep=0, index=0): OrderedDict([('imagePaths', 'small_samples/0570.jpg')])
8.2882 	EXP 	image: image = 'small_samples/0570.jpg'
8.2882 	EXP 	textGazePoint: autoDraw = True
9.2707 	EXP 	image: autoDraw = True
9.2870 	EXP 	textGazePoint: autoDraw = False
10.2707 	EXP 	image: autoDraw = False
11.2721 	EXP 	textQuestionEmo: autoDraw = True
13.2713 	EXP 	textQuestionEmo: autoDraw = False
13.2713 	EXP 	textQuestionRecog: autoDraw = True
16.1257 	EXP 	New trial (rep=0, index=1): OrderedDict([('imagePaths', 'small_samples/0420.jpg')])
16.1905 	EXP 	image: autoDraw = False
16.1905 	EXP 	textQuestionEmo: autoDraw = False
16.1905 	EXP 	textGazePoint: autoDraw = False
16.1905 	EXP 	textQuestionRecog: autoDraw = False
16.1905 	EXP 	image: image = 'small_samples/0420.jpg'
16.1905 	EXP 	textGazePoint: autoDraw = True
17.1717 	EXP 	image: autoDraw = True
17.2055 	EXP 	textGazePoint: autoDraw = False
18.1724 	EXP 	image: autoDraw = False
19.1725 	EXP 	textQuestionEmo: autoDraw = True
20.1074 	DATA 	Keypress: escape
20.5824 	EXP 	window1: mouseVisible = True
