4.8466 	EXP 	Created window1 = Window(allowGUI=False, allowStencil=False, args=UNKNOWN, autoLog=True, bitsMode=UNKNOWN, blendMode='avg', color=array([0., 0., 0.]), colorSpace='rgb', fullscr=<method-wrapper '__getattribute__' of attributeSetter object at 0x131388d68>, gamma=None, gammaErrorPolicy='raise', kwargs=UNKNOWN, lms=UNKNOWN, monitor=<psychopy.monitors.calibTools.Monitor object at 0x12fc434e0>, multiSample=False, name='window1', numSamples=2, pos=[0.0, 0.0], screen=0, size=array([1440,  900]), stereo=False, units='height', useFBO=True, useRetina=False, viewOri=0.0, viewPos=None, viewScale=None, waitBlanking=True, winType='pyglet')
4.8467 	EXP 	window1: recordFrameIntervals = False
5.0135 	EXP 	window1: recordFrameIntervals = True
5.1959 	EXP 	window1: recordFrameIntervals = False
5.3974 	EXP 	Created image = ImageStim(__class__=<class 'psychopy.visual.image.ImageStim'>, autoLog=True, color=array([1., 1., 1.]), colorSpace='rgb', contrast=1.0, depth=0.0, flipHoriz=False, flipVert=False, image='sin', interpolate=True, mask=None, maskParams=None, name='image', opacity=1.0, ori=0.0, pos=array([0., 0.]), size=array([0.5, 0.5]), texRes=128, units='height', win=Window(...))
5.5429 	EXP 	Created textQuestionEmo = TextStim(__class__=<class 'psychopy.visual.text.TextStim'>, alignHoriz='center', alignVert='center', antialias=True, autoLog=True, bold=False, color='white', colorSpace='named', contrast=1.0, depth=-1.0, flipHoriz=False, flipVert=False, font='Arial', fontFiles=[], height=0.1, italic=False, languageStyle='LTR', name='textQuestionEmo', opacity=1.0, ori=0, pos=array([0., 0.]), rgb=array([255., 255., 255.]), text='画像に感じた感情を選んでください。\n\nhoge hoge hgoe', units='height', win=Window(...), wrapWidth=1)
5.5729 	EXP 	Created textGazePoint = TextStim(__class__=<class 'psychopy.visual.text.TextStim'>, alignHoriz='center', alignVert='center', antialias=True, autoLog=True, bold=False, color='white', colorSpace='named', contrast=1.0, depth=-3.0, flipHoriz=False, flipVert=False, font='Arial', fontFiles=[], height=0.1, italic=False, languageStyle='LTR', name='textGazePoint', opacity=1.0, ori=0, pos=array([0., 0.]), rgb=array([255., 255., 255.]), text='+', units='height', win=Window(...), wrapWidth=1)
5.6002 	EXP 	Created textQuestionRecog = TextStim(__class__=<class 'psychopy.visual.text.TextStim'>, alignHoriz='center', alignVert='center', antialias=True, autoLog=True, bold=False, color='white', colorSpace='named', contrast=1.0, depth=-4.0, flipHoriz=False, flipVert=False, font='Arial', fontFiles=[], height=0.1, italic=False, languageStyle='LTR', name='textQuestionRecog', opacity=1.0, ori=0, pos=array([0., 0.]), rgb=array([255., 255., 255.]), text=str(...), units='height', win=Window(...), wrapWidth=1)
5.6246 	EXP 	Imported conditions.csv as conditions, 8 conditions, 1 params
5.6251 	EXP 	Created sequence: random, trialTypes=8, nReps=5, seed=None
5.6254 	EXP 	New trial (rep=0, index=0): OrderedDict([('imagePaths', 'small_samples/0330.jpg')])
5.8138 	EXP 	image: image = 'small_samples/0330.jpg'
5.8138 	EXP 	image: autoDraw = True
5.8138 	EXP 	textGazePoint: autoDraw = True
6.8287 	EXP 	image: autoDraw = False
6.8287 	EXP 	textGazePoint: autoDraw = False
8.7781 	EXP 	textQuestionEmo: autoDraw = True
10.7792 	EXP 	textQuestionEmo: autoDraw = False
10.7792 	EXP 	textQuestionRecog: autoDraw = True
13.7687 	EXP 	New trial (rep=0, index=1): OrderedDict([('imagePaths', 'small_samples/0020.jpg')])
13.8308 	EXP 	textQuestionRecog: autoDraw = False
13.8308 	EXP 	image: autoDraw = False
13.8308 	EXP 	textQuestionEmo: autoDraw = False
13.8308 	EXP 	textGazePoint: autoDraw = False
13.8308 	EXP 	textQuestionRecog: autoDraw = False
13.8308 	EXP 	image: image = 'small_samples/0020.jpg'
13.8308 	EXP 	image: autoDraw = True
13.8308 	EXP 	textGazePoint: autoDraw = True
14.8465 	EXP 	image: autoDraw = False
14.8465 	EXP 	textGazePoint: autoDraw = False
16.2467 	DATA 	Keypress: escape
16.6697 	EXP 	window1: mouseVisible = True
